<?xml version="1.0" encoding="UTF-8"?>
<testsuite name="tests.AddNewContact" tests="1" skipped="0" failures="0" errors="0" timestamp="2022-07-13T18:03:21" hostname="LAPTOP-GAODKJDU" time="2.675">
  <properties/>
  <testcase name="addNewContactSuccess" classname="tests.AddNewContact" time="2.675"/>
  <system-out><![CDATA[21:03:15.688 INFO  tests.TestBase - Start method with name ->>addNewContactSuccess
21:03:21.157 INFO  tests.TestBase - Contact is ->Contact(name=Ron1033, lastName=Bin, phone=0673456787, email=ddd@gmail.com, address=Tel Aviv, description=friend)
21:03:23.727 INFO  tests.TestBase - Check name - Ron1033
21:03:23.787 INFO  tests.TestBase - Check phone - 0673456787
]]></system-out>
  <system-err><![CDATA[]]></system-err>
</testsuite>
