<?xml version="1.0" encoding="UTF-8"?>
<testsuite name="tests.AddNewContact" tests="1" skipped="0" failures="0" errors="0" timestamp="2022-07-06T20:43:20" hostname="LAPTOP-GAODKJDU" time="1.811">
  <properties/>
  <testcase name="addNewContactSuccess" classname="tests.AddNewContact" time="1.811"/>
  <system-out><![CDATA[]]></system-out>
  <system-err><![CDATA[]]></system-err>
</testsuite>
