<?xml version="1.0" encoding="UTF-8"?>
<testsuite name="tests.LoginTests" tests="2" skipped="0" failures="0" errors="0" timestamp="2022-06-26T17:51:29" hostname="LAPTOP-GAODKJDU" time="3.36">
  <properties/>
  <testcase name="loginASuccess" classname="tests.LoginTests" time="0.717"/>
  <testcase name="loginNegativeTestsWrongEmail" classname="tests.LoginTests" time="0.54"/>
  <system-out><![CDATA[]]></system-out>
  <system-err><![CDATA[]]></system-err>
</testsuite>
